d:\programming\kinectgesturerecognizer\kinectgesturelib\bin\x64\debug\obj\vc120.pdb
d:\programming\kinectgesturerecognizer\kinectgesturelib\bin\x64\debug\obj\vc120.idb
d:\programming\kinectgesturerecognizer\kinectgesturelib\bin\x64\debug\obj\cvhelper.obj
d:\programming\kinectgesturerecognizer\kinectgesturelib\bin\x64\debug\obj\gestureargs.obj
d:\programming\kinectgesturerecognizer\kinectgesturelib\bin\x64\debug\obj\gesturerecgnition.obj
d:\programming\kinectgesturerecognizer\kinectgesturelib\bin\x64\debug\obj\hand.obj
d:\programming\kinectgesturerecognizer\kinectgesturelib\bin\x64\debug\obj\handpoint.obj
d:\programming\kinectgesturerecognizer\kinectgesturelib\bin\x64\debug\obj\kinecthelper.obj
d:\programming\kinectgesturerecognizer\kinectgesturelib\bin\x64\debug\obj\utils.obj
d:\programming\kinectgesturerecognizer\kinectgesturelib\bin\x64\debug\obj\vector.obj
d:\programming\kinectgesturerecognizer\kinectgesturelib\bin\x64\debug\kinectgesture_debug.lib
d:\programming\kinectgesturerecognizer\kinectgesturelib\bin\x64\debug\kinectgesture_debug.exp
d:\programming\kinectgesturerecognizer\kinectgesturelib\bin\x64\debug\kinectgesture_debug.ilk
d:\programming\kinectgesturerecognizer\kinectgesturelib\bin\x64\debug\kinectgesture_debug.dll
d:\programming\kinectgesturerecognizer\kinectgesturelib\bin\x64\debug\kinectgesture_debug.pdb
d:\programming\kinectgesturerecognizer\kinectgesturelib\.\bin\x64\debug\kinectgesture_debug.dll
d:\programming\kinectgesturerecognizer\kinectgesturelib\bin\x64\debug\obj\kinectgesturelib.tlog\cl.command.1.tlog
d:\programming\kinectgesturerecognizer\kinectgesturelib\bin\x64\debug\obj\kinectgesturelib.tlog\cl.read.1.tlog
d:\programming\kinectgesturerecognizer\kinectgesturelib\bin\x64\debug\obj\kinectgesturelib.tlog\cl.write.1.tlog
d:\programming\kinectgesturerecognizer\kinectgesturelib\bin\x64\debug\obj\kinectgesturelib.tlog\kinectgesturelib.write.1u.tlog
d:\programming\kinectgesturerecognizer\kinectgesturelib\bin\x64\debug\obj\kinectgesturelib.tlog\link.command.1.tlog
d:\programming\kinectgesturerecognizer\kinectgesturelib\bin\x64\debug\obj\kinectgesturelib.tlog\link.read.1.tlog
d:\programming\kinectgesturerecognizer\kinectgesturelib\bin\x64\debug\obj\kinectgesturelib.tlog\link.write.1.tlog
