f:\programming\kinectgesturerecognizer\kinectgesturelib\bin\x64\release\obj\vc120.pdb
f:\programming\kinectgesturerecognizer\kinectgesturelib\bin\x64\release\obj\vector.obj
f:\programming\kinectgesturerecognizer\kinectgesturelib\bin\x64\release\obj\utils.obj
f:\programming\kinectgesturerecognizer\kinectgesturelib\bin\x64\release\obj\kinecthelper.obj
f:\programming\kinectgesturerecognizer\kinectgesturelib\bin\x64\release\obj\handpoint.obj
f:\programming\kinectgesturerecognizer\kinectgesturelib\bin\x64\release\obj\hand.obj
f:\programming\kinectgesturerecognizer\kinectgesturelib\bin\x64\release\obj\gesturerecgnition.obj
f:\programming\kinectgesturerecognizer\kinectgesturelib\bin\x64\release\obj\gestureargs.obj
f:\programming\kinectgesturerecognizer\kinectgesturelib\bin\x64\release\obj\cvhelper.obj
f:\programming\kinectgesturerecognizer\kinectgesturelib\bin\x64\release\kinectgesture.lib
f:\programming\kinectgesturerecognizer\kinectgesturelib\bin\x64\release\kinectgesture.exp
f:\programming\kinectgesturerecognizer\kinectgesturelib\bin\x64\release\kinectgesture.dll
f:\programming\kinectgesturerecognizer\kinectgesturelib\bin\x64\release\kinectgesture.pdb
f:\programming\kinectgesturerecognizer\kinectgesturelib\.\bin\x64\release\kinectgesture.dll
f:\programming\kinectgesturerecognizer\kinectgesturelib\bin\x64\release\obj\kinectgesturelib.tlog\cl.command.1.tlog
f:\programming\kinectgesturerecognizer\kinectgesturelib\bin\x64\release\obj\kinectgesturelib.tlog\cl.read.1.tlog
f:\programming\kinectgesturerecognizer\kinectgesturelib\bin\x64\release\obj\kinectgesturelib.tlog\cl.write.1.tlog
f:\programming\kinectgesturerecognizer\kinectgesturelib\bin\x64\release\obj\kinectgesturelib.tlog\kinectgesturelib.write.1u.tlog
f:\programming\kinectgesturerecognizer\kinectgesturelib\bin\x64\release\obj\kinectgesturelib.tlog\link.command.1.tlog
f:\programming\kinectgesturerecognizer\kinectgesturelib\bin\x64\release\obj\kinectgesturelib.tlog\link.read.1.tlog
f:\programming\kinectgesturerecognizer\kinectgesturelib\bin\x64\release\obj\kinectgesturelib.tlog\link.write.1.tlog
