f:\programdesign\vs2013\kinectgesturerecognition\kinectgesturerecognition\x64\debug\vc120.pdb
f:\programdesign\vs2013\kinectgesturerecognition\kinectgesturerecognition\x64\debug\vc120.idb
f:\programdesign\vs2013\kinectgesturerecognition\kinectgesturerecognition\x64\debug\cvhelper.obj
f:\programdesign\vs2013\kinectgesturerecognition\kinectgesturerecognition\x64\debug\gestureargs.obj
f:\programdesign\vs2013\kinectgesturerecognition\kinectgesturerecognition\x64\debug\gesturerecgnition.obj
f:\programdesign\vs2013\kinectgesturerecognition\kinectgesturerecognition\x64\debug\hand.obj
f:\programdesign\vs2013\kinectgesturerecognition\kinectgesturerecognition\x64\debug\handpoint.obj
f:\programdesign\vs2013\kinectgesturerecognition\kinectgesturerecognition\x64\debug\kinecthelper.obj
f:\programdesign\vs2013\kinectgesturerecognition\kinectgesturerecognition\x64\debug\utils.obj
f:\programdesign\vs2013\kinectgesturerecognition\kinectgesturerecognition\x64\debug\vector.obj
f:\programdesign\vs2013\kinectgesturerecognition\x64\debug\kinectgesturerecognition.lib
f:\programdesign\vs2013\kinectgesturerecognition\x64\debug\kinectgesturerecognition.exp
f:\programdesign\vs2013\kinectgesturerecognition\x64\debug\kinectgesturerecognition.ilk
f:\programdesign\vs2013\kinectgesturerecognition\x64\debug\kinectgesturerecognition.dll
f:\programdesign\vs2013\kinectgesturerecognition\x64\debug\kinectgesturerecognition.pdb
f:\programdesign\vs2013\kinectgesturerecognition\kinectgesturerecognition\x64\debug\kinectge.26137556.tlog\cl.command.1.tlog
f:\programdesign\vs2013\kinectgesturerecognition\kinectgesturerecognition\x64\debug\kinectge.26137556.tlog\cl.read.1.tlog
f:\programdesign\vs2013\kinectgesturerecognition\kinectgesturerecognition\x64\debug\kinectge.26137556.tlog\cl.write.1.tlog
f:\programdesign\vs2013\kinectgesturerecognition\kinectgesturerecognition\x64\debug\kinectge.26137556.tlog\kinectgesturerecognition.write.1u.tlog
f:\programdesign\vs2013\kinectgesturerecognition\kinectgesturerecognition\x64\debug\kinectge.26137556.tlog\link.command.1.tlog
f:\programdesign\vs2013\kinectgesturerecognition\kinectgesturerecognition\x64\debug\kinectge.26137556.tlog\link.read.1.tlog
f:\programdesign\vs2013\kinectgesturerecognition\kinectgesturerecognition\x64\debug\kinectge.26137556.tlog\link.write.1.tlog
