生成启动时间为 2018/1/10 14:52:09。
     1>项目“F:\ProgramDesign\VS2013\KinectGestureRecognition\KinectGestureRecognition\KinectGestureRecognition.vcxproj”在节点 2 上(Rebuild 个目标)。
     1>ClCompile:
         C:\Program Files (x86)\Microsoft Visual Studio 12.0\VC\bin\x86_amd64\CL.exe /c /I"C:\Program Files (x86)\Visual Leak Detector\include" /Zi /nologo /W3 /WX- /sdl /Od /D WIN32 /D _DEBUG /D _CONSOLE /D _LIB /D _WINDLL /D _UNICODE /D UNICODE /Gm /EHsc /RTC1 /MDd /GS /fp:precise /Zc:wchar_t /Zc:forScope /Fo"x64\Debug\\" /Fd"x64\Debug\vc120.pdb" /Gd /TP /errorReport:prompt CVHelper.cpp GestureArgs.cpp GestureRecgnition.cpp Hand.cpp HandPoint.cpp KinectHelper.cpp utils.cpp Vector.cpp
         Vector.cpp
         utils.cpp
     1>f:\programdesign\vs2013\kinectgesturerecognition\kinectgesturerecognition\utils.h(21): warning C4244: “初始化”: 从“double”转换到“const float”，可能丢失数据
         KinectHelper.cpp
     1>f:\programdesign\vs2013\kinectgesturerecognition\kinectgesturerecognition\utils.h(21): warning C4244: “初始化”: 从“double”转换到“const float”，可能丢失数据
     1>f:\programdesign\vs2013\kinectgesturerecognition\kinectgesturerecognition\Hand.h(57): warning C4251: “Hand::HandOutline”: class“std::vector<HandPoint,std::allocator<_Ty>>”需要有 dll 接口由 class“Hand”的客户端使用
                 with
                 [
                     _Ty=HandPoint
                 ]
     1>f:\programdesign\vs2013\kinectgesturerecognition\kinectgesturerecognition\Hand.h(58): warning C4251: “Hand::HandFingers”: class“std::vector<HandPoint,std::allocator<_Ty>>”需要有 dll 接口由 class“Hand”的客户端使用
                 with
                 [
                     _Ty=HandPoint
                 ]
     1>f:\programdesign\vs2013\kinectgesturerecognition\kinectgesturerecognition\CVHelper.h(19): warning C4251: “CVHelper::m_image”: class“cv::Mat”需要有 dll 接口由 class“CVHelper”的客户端使用
                 C:\OpenCV\opencv\build\include\opencv2/core/core.hpp(1689) : 参见“cv::Mat”的声明
     1>f:\programdesign\vs2013\kinectgesturerecognition\kinectgesturerecognition\GestureArgs.h(185): warning C4244: “=”: 从“double”转换到“int”，可能丢失数据
     1>f:\programdesign\vs2013\kinectgesturerecognition\kinectgesturerecognition\GestureArgs.h(222): warning C4244: “初始化”: 从“float”转换到“int”，可能丢失数据
     1>f:\programdesign\vs2013\kinectgesturerecognition\kinectgesturerecognition\GestureArgs.h(230): warning C4244: “参数”: 从“double”转换到“int”，可能丢失数据
     1>f:\programdesign\vs2013\kinectgesturerecognition\kinectgesturerecognition\GestureArgs.h(366): warning C4251: “GestureArgs::leftHand”: struct“_HandArgs”需要有 dll 接口由 class“GestureArgs”的客户端使用
                 f:\programdesign\vs2013\kinectgesturerecognition\kinectgesturerecognition\GestureArgs.h(132) : 参见“_HandArgs”的声明
     1>f:\programdesign\vs2013\kinectgesturerecognition\kinectgesturerecognition\GestureArgs.h(367): warning C4251: “GestureArgs::rightHand”: struct“_HandArgs”需要有 dll 接口由 class“GestureArgs”的客户端使用
                 f:\programdesign\vs2013\kinectgesturerecognition\kinectgesturerecognition\GestureArgs.h(132) : 参见“_HandArgs”的声明
     1>f:\programdesign\vs2013\kinectgesturerecognition\kinectgesturerecognition\GestureRecgnition.h(107): warning C4251: “GestureRecgnition::file”: class“std::basic_ofstream<char,std::char_traits<char>>”需要有 dll 接口由 class“GestureRecgnition”的客户端使用
         HandPoint.cpp
     1>f:\programdesign\vs2013\kinectgesturerecognition\kinectgesturerecognition\utils.h(21): warning C4244: “初始化”: 从“double”转换到“const float”，可能丢失数据
     1>HandPoint.cpp(82): warning C4244: “初始化”: 从“int”转换到“float”，可能丢失数据
     1>HandPoint.cpp(110): warning C4244: “初始化”: 从“int”转换到“float”，可能丢失数据
     1>HandPoint.cpp(111): warning C4244: “初始化”: 从“int”转换到“float”，可能丢失数据
     1>HandPoint.cpp(125): warning C4244: “初始化”: 从“int”转换到“float”，可能丢失数据
     1>HandPoint.cpp(127): warning C4244: “初始化”: 从“double”转换到“float”，可能丢失数据
     1>HandPoint.cpp(142): warning C4244: “初始化”: 从“int”转换到“float”，可能丢失数据
     1>HandPoint.cpp(166): warning C4244: “=”: 从“float”转换到“int”，可能丢失数据
     1>HandPoint.cpp(167): warning C4244: “=”: 从“float”转换到“int”，可能丢失数据
     1>HandPoint.cpp(170): warning C4172: 返回局部变量或临时变量的地址
         Hand.cpp
     1>f:\programdesign\vs2013\kinectgesturerecognition\kinectgesturerecognition\utils.h(21): warning C4244: “初始化”: 从“double”转换到“const float”，可能丢失数据
     1>f:\programdesign\vs2013\kinectgesturerecognition\kinectgesturerecognition\Hand.h(57): warning C4251: “Hand::HandOutline”: class“std::vector<HandPoint,std::allocator<_Ty>>”需要有 dll 接口由 class“Hand”的客户端使用
                 with
                 [
                     _Ty=HandPoint
                 ]
     1>f:\programdesign\vs2013\kinectgesturerecognition\kinectgesturerecognition\Hand.h(58): warning C4251: “Hand::HandFingers”: class“std::vector<HandPoint,std::allocator<_Ty>>”需要有 dll 接口由 class“Hand”的客户端使用
                 with
                 [
                     _Ty=HandPoint
                 ]
     1>Hand.cpp(255): warning C4554: “&”: 检查运算符优先级可能存在的错误；使用圆括号阐明优先级
     1>Hand.cpp(256): warning C4554: “&”: 检查运算符优先级可能存在的错误；使用圆括号阐明优先级
     1>Hand.cpp(257): warning C4554: “&”: 检查运算符优先级可能存在的错误；使用圆括号阐明优先级
     1>Hand.cpp(265): warning C4554: “&”: 检查运算符优先级可能存在的错误；使用圆括号阐明优先级
         GestureRecgnition.cpp
     1>f:\programdesign\vs2013\kinectgesturerecognition\kinectgesturerecognition\utils.h(21): warning C4244: “初始化”: 从“double”转换到“const float”，可能丢失数据
     1>f:\programdesign\vs2013\kinectgesturerecognition\kinectgesturerecognition\Hand.h(57): warning C4251: “Hand::HandOutline”: class“std::vector<HandPoint,std::allocator<_Ty>>”需要有 dll 接口由 class“Hand”的客户端使用
                 with
                 [
                     _Ty=HandPoint
                 ]
     1>f:\programdesign\vs2013\kinectgesturerecognition\kinectgesturerecognition\Hand.h(58): warning C4251: “Hand::HandFingers”: class“std::vector<HandPoint,std::allocator<_Ty>>”需要有 dll 接口由 class“Hand”的客户端使用
                 with
                 [
                     _Ty=HandPoint
                 ]
     1>f:\programdesign\vs2013\kinectgesturerecognition\kinectgesturerecognition\GestureArgs.h(185): warning C4244: “=”: 从“double”转换到“int”，可能丢失数据
     1>f:\programdesign\vs2013\kinectgesturerecognition\kinectgesturerecognition\GestureArgs.h(222): warning C4244: “初始化”: 从“float”转换到“int”，可能丢失数据
     1>f:\programdesign\vs2013\kinectgesturerecognition\kinectgesturerecognition\GestureArgs.h(230): warning C4244: “参数”: 从“double”转换到“int”，可能丢失数据
     1>f:\programdesign\vs2013\kinectgesturerecognition\kinectgesturerecognition\GestureArgs.h(366): warning C4251: “GestureArgs::leftHand”: struct“_HandArgs”需要有 dll 接口由 class“GestureArgs”的客户端使用
                 f:\programdesign\vs2013\kinectgesturerecognition\kinectgesturerecognition\GestureArgs.h(132) : 参见“_HandArgs”的声明
     1>f:\programdesign\vs2013\kinectgesturerecognition\kinectgesturerecognition\GestureArgs.h(367): warning C4251: “GestureArgs::rightHand”: struct“_HandArgs”需要有 dll 接口由 class“GestureArgs”的客户端使用
                 f:\programdesign\vs2013\kinectgesturerecognition\kinectgesturerecognition\GestureArgs.h(132) : 参见“_HandArgs”的声明
     1>f:\programdesign\vs2013\kinectgesturerecognition\kinectgesturerecognition\GestureRecgnition.h(107): warning C4251: “GestureRecgnition::file”: class“std::basic_ofstream<char,std::char_traits<char>>”需要有 dll 接口由 class“GestureRecgnition”的客户端使用
         GestureArgs.cpp
     1>f:\programdesign\vs2013\kinectgesturerecognition\kinectgesturerecognition\utils.h(21): warning C4244: “初始化”: 从“double”转换到“const float”，可能丢失数据
     1>f:\programdesign\vs2013\kinectgesturerecognition\kinectgesturerecognition\Hand.h(57): warning C4251: “Hand::HandOutline”: class“std::vector<HandPoint,std::allocator<_Ty>>”需要有 dll 接口由 class“Hand”的客户端使用
                 with
                 [
                     _Ty=HandPoint
                 ]
     1>f:\programdesign\vs2013\kinectgesturerecognition\kinectgesturerecognition\Hand.h(58): warning C4251: “Hand::HandFingers”: class“std::vector<HandPoint,std::allocator<_Ty>>”需要有 dll 接口由 class“Hand”的客户端使用
                 with
                 [
                     _Ty=HandPoint
                 ]
     1>f:\programdesign\vs2013\kinectgesturerecognition\kinectgesturerecognition\GestureArgs.h(185): warning C4244: “=”: 从“double”转换到“int”，可能丢失数据
     1>f:\programdesign\vs2013\kinectgesturerecognition\kinectgesturerecognition\GestureArgs.h(222): warning C4244: “初始化”: 从“float”转换到“int”，可能丢失数据
     1>f:\programdesign\vs2013\kinectgesturerecognition\kinectgesturerecognition\GestureArgs.h(230): warning C4244: “参数”: 从“double”转换到“int”，可能丢失数据
     1>f:\programdesign\vs2013\kinectgesturerecognition\kinectgesturerecognition\GestureArgs.h(366): warning C4251: “GestureArgs::leftHand”: struct“_HandArgs”需要有 dll 接口由 class“GestureArgs”的客户端使用
                 f:\programdesign\vs2013\kinectgesturerecognition\kinectgesturerecognition\GestureArgs.h(132) : 参见“_HandArgs”的声明
     1>f:\programdesign\vs2013\kinectgesturerecognition\kinectgesturerecognition\GestureArgs.h(367): warning C4251: “GestureArgs::rightHand”: struct“_HandArgs”需要有 dll 接口由 class“GestureArgs”的客户端使用
                 f:\programdesign\vs2013\kinectgesturerecognition\kinectgesturerecognition\GestureArgs.h(132) : 参见“_HandArgs”的声明
     1>GestureArgs.cpp(104): warning C4244: “初始化”: 从“float”转换到“int”，可能丢失数据
     1>GestureArgs.cpp(105): warning C4244: “=”: 从“int”转换到“float”，可能丢失数据
     1>GestureArgs.cpp(109): warning C4244: “初始化”: 从“float”转换到“int”，可能丢失数据
     1>GestureArgs.cpp(110): warning C4244: “=”: 从“int”转换到“float”，可能丢失数据
     1>GestureArgs.cpp(182): warning C4244: “初始化”: 从“float”转换到“int”，可能丢失数据
     1>GestureArgs.cpp(209): warning C4244: “=”: 从“double”转换到“float”，可能丢失数据
     1>GestureArgs.cpp(215): warning C4244: “=”: 从“double”转换到“float”，可能丢失数据
         CVHelper.cpp
     1>f:\programdesign\vs2013\kinectgesturerecognition\kinectgesturerecognition\utils.h(21): warning C4244: “初始化”: 从“double”转换到“const float”，可能丢失数据
     1>f:\programdesign\vs2013\kinectgesturerecognition\kinectgesturerecognition\Hand.h(57): warning C4251: “Hand::HandOutline”: class“std::vector<HandPoint,std::allocator<_Ty>>”需要有 dll 接口由 class“Hand”的客户端使用
                 with
                 [
                     _Ty=HandPoint
                 ]
     1>f:\programdesign\vs2013\kinectgesturerecognition\kinectgesturerecognition\Hand.h(58): warning C4251: “Hand::HandFingers”: class“std::vector<HandPoint,std::allocator<_Ty>>”需要有 dll 接口由 class“Hand”的客户端使用
                 with
                 [
                     _Ty=HandPoint
                 ]
     1>f:\programdesign\vs2013\kinectgesturerecognition\kinectgesturerecognition\CVHelper.h(19): warning C4251: “CVHelper::m_image”: class“cv::Mat”需要有 dll 接口由 class“CVHelper”的客户端使用
                 C:\OpenCV\opencv\build\include\opencv2/core/core.hpp(1689) : 参见“cv::Mat”的声明
         正在生成代码...
       Link:
         C:\Program Files (x86)\Microsoft Visual Studio 12.0\VC\bin\x86_amd64\link.exe /ERRORREPORT:PROMPT /OUT:"F:\ProgramDesign\VS2013\KinectGestureRecognition\x64\Debug\KinectGestureRecognition.dll" /INCREMENTAL /NOLOGO /LIBPATH:"C:\Program Files (x86)\Visual Leak Detector\lib\Win64" opencv_calib3d249d.lib opencv_contrib249d.lib opencv_core249d.lib opencv_features2d249d.lib opencv_flann249d.lib Kinect20.Face.lib Kinect20.Fusion.lib Kinect20.lib Kinect20.VisualGestureBuilder.lib opencv_gpu249d.lib opencv_highgui249d.lib opencv_imgproc249d.lib opencv_legacy249d.lib opencv_ml249d.lib opencv_nonfree249d.lib opencv_objdetect249d.lib opencv_ocl249d.lib opencv_photo249d.lib opencv_stitching249d.lib opencv_superres249d.lib opencv_ts249d.lib opencv_video249d.lib opencv_videostab249d.lib opencv_calib3d249.lib opencv_contrib249.lib opencv_core249.lib opencv_features2d249.lib opencv_flann249.lib opencv_gpu249.lib opencv_highgui249.lib opencv_imgproc249.lib opencv_legacy249.lib opencv_ml249.lib opencv_nonfree249.lib opencv_objdetect249.lib opencv_ocl249.lib opencv_photo249.lib opencv_stitching249.lib opencv_superres249.lib opencv_ts249.lib opencv_video249.lib opencv_videostab249.lib kernel32.lib user32.lib gdi32.lib winspool.lib comdlg32.lib advapi32.lib shell32.lib ole32.lib oleaut32.lib uuid.lib odbc32.lib odbccp32.lib /MANIFEST /MANIFESTUAC:"level='asInvoker' uiAccess='false'" /manifest:embed /DEBUG /PDB:"F:\ProgramDesign\VS2013\KinectGestureRecognition\x64\Debug\KinectGestureRecognition.pdb" /SUBSYSTEM:CONSOLE /TLBID:1 /DYNAMICBASE /NXCOMPAT /IMPLIB:"F:\ProgramDesign\VS2013\KinectGestureRecognition\x64\Debug\KinectGestureRecognition.lib" /MACHINE:X64 /DLL x64\Debug\CVHelper.obj
         x64\Debug\GestureArgs.obj
         x64\Debug\GestureRecgnition.obj
         x64\Debug\Hand.obj
         x64\Debug\HandPoint.obj
         x64\Debug\KinectHelper.obj
         x64\Debug\utils.obj
         x64\Debug\Vector.obj
            正在创建库 F:\ProgramDesign\VS2013\KinectGestureRecognition\x64\Debug\KinectGestureRecognition.lib 和对象 F:\ProgramDesign\VS2013\KinectGestureRecognition\x64\Debug\KinectGestureRecognition.exp
         KinectGestureRecognition.vcxproj -> F:\ProgramDesign\VS2013\KinectGestureRecognition\x64\Debug\KinectGestureRecognition.dll
     1>已完成生成项目“F:\ProgramDesign\VS2013\KinectGestureRecognition\KinectGestureRecognition\KinectGestureRecognition.vcxproj”(Rebuild 个目标)的操作。

生成成功。

已用时间 00:00:33.15
