生成启动时间为 2018/3/28 16:21:02。
     1>项目“D:\Programming\KinectGestureRecognizer\KinectGestureLib\KinectGestureLib.vcxproj”在节点 2 上(Build 个目标)。
     1>C:\Program Files (x86)\MSBuild\Microsoft.Cpp\v4.0\V120\Microsoft.CppBuild.targets(356,5): warning MSB8004: Intermediate Directory does not end with a trailing slash.  This build instance will add the slash as it is required to allow proper evaluation of the Intermediate Directory.
     1>C:\Program Files (x86)\MSBuild\Microsoft.Cpp\v4.0\V120\Microsoft.CppBuild.targets(357,5): warning MSB8004: Output Directory does not end with a trailing slash.  This build instance will add the slash as it is required to allow proper evaluation of the Output Directory.
     1>ClCompile:
         C:\Program Files (x86)\Microsoft Visual Studio 12.0\VC\bin\CL.exe /c /I"D:\Programming\KinectGestureRecognizer\KinectGestureLib\..\Kinect SDK\inc" /ID:\Programming\KinectGestureRecognizer\KinectGestureLib\Include /ID:\Programming\KinectGestureRecognizer\KinectGestureLib\..\openCV\inc /ZI /nologo /W3 /WX- /Od /Oy- /D WIN32 /D _DEBUG /D _WINDOWS /D _USRDLL /D KINECTGESTURELIB_EXPORTS /D _WINDLL /D _UNICODE /D UNICODE /Gm /EHsc /RTC1 /MDd /GS /fp:precise /Zc:wchar_t /Zc:forScope /Fo".\Bin\x86\Debug\obj\\" /Fd".\Bin\x86\Debug\obj\vc120.pdb" /Gd /TP /analyze- /errorReport:prompt Src\CVHelper.cpp Src\GestureArgs.cpp Src\GestureRecgnition.cpp Src\Hand.cpp Src\HandPoint.cpp Src\KinectHelper.cpp Src\utils.cpp Src\Vector.cpp
         Vector.cpp
         utils.cpp
     1>d:\programming\kinectgesturerecognizer\kinectgesturelib\include\utils.h(21): warning C4244: “初始化”: 从“double”转换到“const float”，可能丢失数据
         KinectHelper.cpp
     1>d:\programming\kinectgesturerecognizer\kinectgesturelib\include\utils.h(21): warning C4244: “初始化”: 从“double”转换到“const float”，可能丢失数据
     1>d:\programming\kinectgesturerecognizer\kinectgesturelib\include\hand.h(57): warning C4251: “Hand::HandOutline”: class“std::vector<HandPoint,std::allocator<_Ty>>”需要有 dll 接口由 class“Hand”的客户端使用
                 with
                 [
                     _Ty=HandPoint
                 ]
     1>d:\programming\kinectgesturerecognizer\kinectgesturelib\include\hand.h(58): warning C4251: “Hand::HandFingers”: class“std::vector<HandPoint,std::allocator<_Ty>>”需要有 dll 接口由 class“Hand”的客户端使用
                 with
                 [
                     _Ty=HandPoint
                 ]
     1>d:\programming\kinectgesturerecognizer\kinectgesturelib\include\cvhelper.h(19): warning C4251: “CVHelper::m_image”: class“cv::Mat”需要有 dll 接口由 class“CVHelper”的客户端使用
                 d:\programming\kinectgesturerecognizer\opencv\inc\opencv2\core\core.hpp(1689) : 参见“cv::Mat”的声明
     1>d:\programming\kinectgesturerecognizer\kinectgesturelib\include\gestureargs.h(185): warning C4244: “=”: 从“double”转换到“int”，可能丢失数据
     1>d:\programming\kinectgesturerecognizer\kinectgesturelib\include\gestureargs.h(222): warning C4244: “初始化”: 从“float”转换到“int”，可能丢失数据
     1>d:\programming\kinectgesturerecognizer\kinectgesturelib\include\gestureargs.h(230): warning C4244: “参数”: 从“double”转换到“int”，可能丢失数据
     1>d:\programming\kinectgesturerecognizer\kinectgesturelib\include\gestureargs.h(366): warning C4251: “GestureArgs::leftHand”: struct“_HandArgs”需要有 dll 接口由 class“GestureArgs”的客户端使用
                 d:\programming\kinectgesturerecognizer\kinectgesturelib\include\gestureargs.h(132) : 参见“_HandArgs”的声明
     1>d:\programming\kinectgesturerecognizer\kinectgesturelib\include\gestureargs.h(367): warning C4251: “GestureArgs::rightHand”: struct“_HandArgs”需要有 dll 接口由 class“GestureArgs”的客户端使用
                 d:\programming\kinectgesturerecognizer\kinectgesturelib\include\gestureargs.h(132) : 参见“_HandArgs”的声明
     1>d:\programming\kinectgesturerecognizer\kinectgesturelib\include\gesturerecgnition.h(107): warning C4251: “GestureRecgnition::file”: class“std::basic_ofstream<char,std::char_traits<char>>”需要有 dll 接口由 class“GestureRecgnition”的客户端使用
         HandPoint.cpp
     1>d:\programming\kinectgesturerecognizer\kinectgesturelib\include\utils.h(21): warning C4244: “初始化”: 从“double”转换到“const float”，可能丢失数据
     1>d:\programming\kinectgesturerecognizer\kinectgesturelib\src\handpoint.cpp(82): warning C4244: “初始化”: 从“int”转换到“float”，可能丢失数据
     1>d:\programming\kinectgesturerecognizer\kinectgesturelib\src\handpoint.cpp(110): warning C4244: “初始化”: 从“int”转换到“float”，可能丢失数据
     1>d:\programming\kinectgesturerecognizer\kinectgesturelib\src\handpoint.cpp(111): warning C4244: “初始化”: 从“int”转换到“float”，可能丢失数据
     1>d:\programming\kinectgesturerecognizer\kinectgesturelib\src\handpoint.cpp(125): warning C4244: “初始化”: 从“int”转换到“float”，可能丢失数据
     1>d:\programming\kinectgesturerecognizer\kinectgesturelib\src\handpoint.cpp(127): warning C4244: “初始化”: 从“double”转换到“float”，可能丢失数据
     1>d:\programming\kinectgesturerecognizer\kinectgesturelib\src\handpoint.cpp(142): warning C4244: “初始化”: 从“int”转换到“float”，可能丢失数据
     1>d:\programming\kinectgesturerecognizer\kinectgesturelib\src\handpoint.cpp(166): warning C4244: “=”: 从“float”转换到“int”，可能丢失数据
     1>d:\programming\kinectgesturerecognizer\kinectgesturelib\src\handpoint.cpp(167): warning C4244: “=”: 从“float”转换到“int”，可能丢失数据
     1>d:\programming\kinectgesturerecognizer\kinectgesturelib\src\handpoint.cpp(170): warning C4172: 返回局部变量或临时变量的地址
         Hand.cpp
     1>d:\programming\kinectgesturerecognizer\kinectgesturelib\include\utils.h(21): warning C4244: “初始化”: 从“double”转换到“const float”，可能丢失数据
     1>d:\programming\kinectgesturerecognizer\kinectgesturelib\include\hand.h(57): warning C4251: “Hand::HandOutline”: class“std::vector<HandPoint,std::allocator<_Ty>>”需要有 dll 接口由 class“Hand”的客户端使用
                 with
                 [
                     _Ty=HandPoint
                 ]
     1>d:\programming\kinectgesturerecognizer\kinectgesturelib\include\hand.h(58): warning C4251: “Hand::HandFingers”: class“std::vector<HandPoint,std::allocator<_Ty>>”需要有 dll 接口由 class“Hand”的客户端使用
                 with
                 [
                     _Ty=HandPoint
                 ]
     1>d:\programming\kinectgesturerecognizer\kinectgesturelib\src\hand.cpp(142): warning C4018: “<”: 有符号/无符号不匹配
     1>d:\programming\kinectgesturerecognizer\kinectgesturelib\src\hand.cpp(198): warning C4018: “<”: 有符号/无符号不匹配
     1>d:\programming\kinectgesturerecognizer\kinectgesturelib\src\hand.cpp(255): warning C4554: “&”: 检查运算符优先级可能存在的错误；使用圆括号阐明优先级
     1>d:\programming\kinectgesturerecognizer\kinectgesturelib\src\hand.cpp(256): warning C4554: “&”: 检查运算符优先级可能存在的错误；使用圆括号阐明优先级
     1>d:\programming\kinectgesturerecognizer\kinectgesturelib\src\hand.cpp(257): warning C4554: “&”: 检查运算符优先级可能存在的错误；使用圆括号阐明优先级
     1>d:\programming\kinectgesturerecognizer\kinectgesturelib\src\hand.cpp(265): warning C4554: “&”: 检查运算符优先级可能存在的错误；使用圆括号阐明优先级
     1>d:\programming\kinectgesturerecognizer\kinectgesturelib\src\hand.cpp(368): warning C4018: “<”: 有符号/无符号不匹配
         GestureRecgnition.cpp
     1>d:\programming\kinectgesturerecognizer\kinectgesturelib\include\utils.h(21): warning C4244: “初始化”: 从“double”转换到“const float”，可能丢失数据
     1>d:\programming\kinectgesturerecognizer\kinectgesturelib\include\hand.h(57): warning C4251: “Hand::HandOutline”: class“std::vector<HandPoint,std::allocator<_Ty>>”需要有 dll 接口由 class“Hand”的客户端使用
                 with
                 [
                     _Ty=HandPoint
                 ]
     1>d:\programming\kinectgesturerecognizer\kinectgesturelib\include\hand.h(58): warning C4251: “Hand::HandFingers”: class“std::vector<HandPoint,std::allocator<_Ty>>”需要有 dll 接口由 class“Hand”的客户端使用
                 with
                 [
                     _Ty=HandPoint
                 ]
     1>d:\programming\kinectgesturerecognizer\kinectgesturelib\include\gestureargs.h(185): warning C4244: “=”: 从“double”转换到“int”，可能丢失数据
     1>d:\programming\kinectgesturerecognizer\kinectgesturelib\include\gestureargs.h(222): warning C4244: “初始化”: 从“float”转换到“int”，可能丢失数据
     1>d:\programming\kinectgesturerecognizer\kinectgesturelib\include\gestureargs.h(230): warning C4244: “参数”: 从“double”转换到“int”，可能丢失数据
     1>d:\programming\kinectgesturerecognizer\kinectgesturelib\include\gestureargs.h(366): warning C4251: “GestureArgs::leftHand”: struct“_HandArgs”需要有 dll 接口由 class“GestureArgs”的客户端使用
                 d:\programming\kinectgesturerecognizer\kinectgesturelib\include\gestureargs.h(132) : 参见“_HandArgs”的声明
     1>d:\programming\kinectgesturerecognizer\kinectgesturelib\include\gestureargs.h(367): warning C4251: “GestureArgs::rightHand”: struct“_HandArgs”需要有 dll 接口由 class“GestureArgs”的客户端使用
                 d:\programming\kinectgesturerecognizer\kinectgesturelib\include\gestureargs.h(132) : 参见“_HandArgs”的声明
     1>d:\programming\kinectgesturerecognizer\kinectgesturelib\include\gesturerecgnition.h(107): warning C4251: “GestureRecgnition::file”: class“std::basic_ofstream<char,std::char_traits<char>>”需要有 dll 接口由 class“GestureRecgnition”的客户端使用
         GestureArgs.cpp
     1>d:\programming\kinectgesturerecognizer\kinectgesturelib\include\utils.h(21): warning C4244: “初始化”: 从“double”转换到“const float”，可能丢失数据
     1>d:\programming\kinectgesturerecognizer\kinectgesturelib\include\hand.h(57): warning C4251: “Hand::HandOutline”: class“std::vector<HandPoint,std::allocator<_Ty>>”需要有 dll 接口由 class“Hand”的客户端使用
                 with
                 [
                     _Ty=HandPoint
                 ]
     1>d:\programming\kinectgesturerecognizer\kinectgesturelib\include\hand.h(58): warning C4251: “Hand::HandFingers”: class“std::vector<HandPoint,std::allocator<_Ty>>”需要有 dll 接口由 class“Hand”的客户端使用
                 with
                 [
                     _Ty=HandPoint
                 ]
     1>d:\programming\kinectgesturerecognizer\kinectgesturelib\include\gestureargs.h(185): warning C4244: “=”: 从“double”转换到“int”，可能丢失数据
     1>d:\programming\kinectgesturerecognizer\kinectgesturelib\include\gestureargs.h(222): warning C4244: “初始化”: 从“float”转换到“int”，可能丢失数据
     1>d:\programming\kinectgesturerecognizer\kinectgesturelib\include\gestureargs.h(230): warning C4244: “参数”: 从“double”转换到“int”，可能丢失数据
     1>d:\programming\kinectgesturerecognizer\kinectgesturelib\include\gestureargs.h(366): warning C4251: “GestureArgs::leftHand”: struct“_HandArgs”需要有 dll 接口由 class“GestureArgs”的客户端使用
                 d:\programming\kinectgesturerecognizer\kinectgesturelib\include\gestureargs.h(132) : 参见“_HandArgs”的声明
     1>d:\programming\kinectgesturerecognizer\kinectgesturelib\include\gestureargs.h(367): warning C4251: “GestureArgs::rightHand”: struct“_HandArgs”需要有 dll 接口由 class“GestureArgs”的客户端使用
                 d:\programming\kinectgesturerecognizer\kinectgesturelib\include\gestureargs.h(132) : 参见“_HandArgs”的声明
     1>d:\programming\kinectgesturerecognizer\kinectgesturelib\src\gestureargs.cpp(104): warning C4244: “初始化”: 从“float”转换到“int”，可能丢失数据
     1>d:\programming\kinectgesturerecognizer\kinectgesturelib\src\gestureargs.cpp(105): warning C4244: “=”: 从“int”转换到“float”，可能丢失数据
     1>d:\programming\kinectgesturerecognizer\kinectgesturelib\src\gestureargs.cpp(109): warning C4244: “初始化”: 从“float”转换到“int”，可能丢失数据
     1>d:\programming\kinectgesturerecognizer\kinectgesturelib\src\gestureargs.cpp(110): warning C4244: “=”: 从“int”转换到“float”，可能丢失数据
     1>d:\programming\kinectgesturerecognizer\kinectgesturelib\src\gestureargs.cpp(182): warning C4244: “初始化”: 从“float”转换到“int”，可能丢失数据
     1>d:\programming\kinectgesturerecognizer\kinectgesturelib\src\gestureargs.cpp(209): warning C4244: “=”: 从“double”转换到“float”，可能丢失数据
     1>d:\programming\kinectgesturerecognizer\kinectgesturelib\src\gestureargs.cpp(215): warning C4244: “=”: 从“double”转换到“float”，可能丢失数据
         CVHelper.cpp
     1>d:\programming\kinectgesturerecognizer\kinectgesturelib\include\utils.h(21): warning C4244: “初始化”: 从“double”转换到“const float”，可能丢失数据
     1>d:\programming\kinectgesturerecognizer\kinectgesturelib\include\hand.h(57): warning C4251: “Hand::HandOutline”: class“std::vector<HandPoint,std::allocator<_Ty>>”需要有 dll 接口由 class“Hand”的客户端使用
                 with
                 [
                     _Ty=HandPoint
                 ]
     1>d:\programming\kinectgesturerecognizer\kinectgesturelib\include\hand.h(58): warning C4251: “Hand::HandFingers”: class“std::vector<HandPoint,std::allocator<_Ty>>”需要有 dll 接口由 class“Hand”的客户端使用
                 with
                 [
                     _Ty=HandPoint
                 ]
     1>d:\programming\kinectgesturerecognizer\kinectgesturelib\include\cvhelper.h(19): warning C4251: “CVHelper::m_image”: class“cv::Mat”需要有 dll 接口由 class“CVHelper”的客户端使用
                 d:\programming\kinectgesturerecognizer\opencv\inc\opencv2\core\core.hpp(1689) : 参见“cv::Mat”的声明
         正在生成代码...
       Link:
         C:\Program Files (x86)\Microsoft Visual Studio 12.0\VC\bin\link.exe /ERRORREPORT:PROMPT /OUT:".\Bin\x86\Debug\KinectGesture_Debug.dll" /INCREMENTAL /NOLOGO /LIBPATH:D:\Programming\KinectGestureRecognizer\KinectGestureLib\..\openCV\lib\x86 /LIBPATH:"D:\Programming\KinectGestureRecognizer\KinectGestureLib\..\Kinect SDK\Lib\x86" Kinect20.Face.lib Kinect20.Fusion.lib Kinect20.lib Kinect20.VisualGestureBuilder.lib opencv_core249d.lib opencv_highgui249d.lib kernel32.lib user32.lib gdi32.lib winspool.lib comdlg32.lib advapi32.lib shell32.lib ole32.lib oleaut32.lib uuid.lib odbc32.lib odbccp32.lib /MANIFEST /MANIFESTUAC:"level='asInvoker' uiAccess='false'" /manifest:embed /DEBUG /PDB:".\Bin\x86\Debug\KinectGesture_Debug.pdb" /SUBSYSTEM:WINDOWS /TLBID:1 /DYNAMICBASE /NXCOMPAT /IMPLIB:".\Bin\x86\Debug\KinectGesture_Debug.lib" /MACHINE:X86 /DLL .\Bin\x86\Debug\obj\CVHelper.obj
         .\Bin\x86\Debug\obj\GestureArgs.obj
         .\Bin\x86\Debug\obj\GestureRecgnition.obj
         .\Bin\x86\Debug\obj\Hand.obj
         .\Bin\x86\Debug\obj\HandPoint.obj
         .\Bin\x86\Debug\obj\KinectHelper.obj
         .\Bin\x86\Debug\obj\utils.obj
         .\Bin\x86\Debug\obj\Vector.obj
            正在创建库 .\Bin\x86\Debug\KinectGesture_Debug.lib 和对象 .\Bin\x86\Debug\KinectGesture_Debug.exp
         KinectGestureLib.vcxproj -> D:\Programming\KinectGestureRecognizer\KinectGestureLib\.\Bin\x86\Debug\KinectGesture_Debug.dll
     1>已完成生成项目“D:\Programming\KinectGestureRecognizer\KinectGestureLib\KinectGestureLib.vcxproj”(Build 个目标)的操作。

生成成功。

已用时间 00:00:09.81
